Success (14):
group 53 _e-0000e21d-e05a-8000-7d4f-011e94011e94_61 "EAP All Users"
group 54 _e-0000e255-ca76-8000-23f0-011e94011e94_56 "testGrp"
content 6077 _a-0000e21d-e06a-8000-7d53-01ef9001ef90_48676 "Environmental Activity Permits"
content 6078 _a-0000e21d-e06a-8000-7d53-01ef9001ef90_48681 "EAP_getUsername"
content 6079 _a-0000e255-ca76-8000-23f0-01ef9001ef90_31523 "trialInterface"
content 6080 _a-0000e255-ca76-8000-23f0-01ef9001ef90_31545 "Interface2"
content 6081 _a-0000e255-ca76-8000-23f0-01ef9001ef90_33392 "EAP_getAddressDetails"
content 6084 _a-0000e268-07ce-8000-23f0-01ef9001ef90_31015 "EAP_uiSectionCustomerInfo"
content 6082 _a-0000e255-ca76-8000-23f0-01ef9001ef90_40957 "EAP_ETst1"
content 6103 _a-0000e255-ca76-8000-23f0-01ef9001ef90_40963 "EAP_TEst2"
processModelFolder 10 _g-0000e255-ca76-8000-23f0-014d98014d98_22 "EAP PM"
processModel 144 0002e287-8d74-8000-23f0-014d98014d98 "EAP_Test"
application 6085 _a-0000e21d-e06a-8000-7d53-01ef9001ef90_48669 "Environmental Activity Permits"
site 13 76485dcd-ab19-4e15-a3e5-a04001b12bd1 "Customer"

Trace:
2019-06-22 17:13:03.812 DEBUG application 6085 _a-0000e21d-e06a-8000-7d53-01ef9001ef90_48669 Begin transport.
2019-06-22 17:13:03.812 DEBUG application 6085 _a-0000e21d-e06a-8000-7d53-01ef9001ef90_48669 Retrieving object data.
2019-06-22 17:13:03.817 DEBUG application 6085 _a-0000e21d-e06a-8000-7d53-01ef9001ef90_48669 App associated objects: [group=[_e-0000e21d-e05a-8000-7d4f-011e94011e94_61, _e-0000e255-ca76-8000-23f0-011e94011e94_56],content=[_a-0000e21d-e06a-8000-7d53-01ef9001ef90_48676, _a-0000e21d-e06a-8000-7d53-01ef9001ef90_48681, _a-0000e255-ca76-8000-23f0-01ef9001ef90_31523, _a-0000e255-ca76-8000-23f0-01ef9001ef90_31545, _a-0000e255-ca76-8000-23f0-01ef9001ef90_33392, _a-0000e268-07ce-8000-23f0-01ef9001ef90_31015, _a-0000e255-ca76-8000-23f0-01ef9001ef90_40957, _a-0000e255-ca76-8000-23f0-01ef9001ef90_40963],processModelFolder=[_g-0000e255-ca76-8000-23f0-014d98014d98_22],processModel=[0002e287-8d74-8000-23f0-014d98014d98],site=[76485dcd-ab19-4e15-a3e5-a04001b12bd1]]
2019-06-22 17:13:03.831 DEBUG application 6085 _a-0000e21d-e06a-8000-7d53-01ef9001ef90_48669 Invalid associated objects: []
2019-06-22 17:13:03.831 DEBUG application 6085 _a-0000e21d-e06a-8000-7d53-01ef9001ef90_48669 Adding valid associated objects to be exported: GlobalBindingMap[group={_e-0000e21d-e05a-8000-7d4f-011e94011e94_61=53, _e-0000e255-ca76-8000-23f0-011e94011e94_56=54},content={_a-0000e21d-e06a-8000-7d53-01ef9001ef90_48676=6077, _a-0000e21d-e06a-8000-7d53-01ef9001ef90_48681=6078, _a-0000e255-ca76-8000-23f0-01ef9001ef90_31523=6079, _a-0000e255-ca76-8000-23f0-01ef9001ef90_31545=6080, _a-0000e255-ca76-8000-23f0-01ef9001ef90_33392=6081, _a-0000e268-07ce-8000-23f0-01ef9001ef90_31015=6084, _a-0000e255-ca76-8000-23f0-01ef9001ef90_40957=6082, _a-0000e255-ca76-8000-23f0-01ef9001ef90_40963=6103},processModelFolder={_g-0000e255-ca76-8000-23f0-014d98014d98_22=10},processModel={0002e287-8d74-8000-23f0-014d98014d98=144},site={76485dcd-ab19-4e15-a3e5-a04001b12bd1=13}]
2019-06-22 17:13:03.831 DEBUG application 6085 _a-0000e21d-e06a-8000-7d53-01ef9001ef90_48669 Setting uuids of object references.
2019-06-22 17:13:03.831 DEBUG application 6085 _a-0000e21d-e06a-8000-7d53-01ef9001ef90_48669 Processing reference: Application.forum
2019-06-22 17:13:03.832 DEBUG application 6085 _a-0000e21d-e06a-8000-7d53-01ef9001ef90_48669 Processing reference: Application.parent
2019-06-22 17:13:03.835 DEBUG application 6085 _a-0000e21d-e06a-8000-7d53-01ef9001ef90_48669 Processing reference: com.appiancorp.suiteapi.content.ContentRoleMap@77e8ead3[
  ContentRole[name=readers,inherit=false,allowForAll=false]
  ContentRole[name=authors,inherit=false,allowForAll=false]
  ContentRole[name=administrators,groupIds=[53],inherit=false,allowForAll=false]
  ContentRole[name=denyReaders,inherit=false,allowForAll=false]
  ContentRole[name=denyAuthors,inherit=false,allowForAll=false]
  ContentRole[name=denyAdministrators,inherit=false,allowForAll=false]
  securityVector=1:SEC_PUBLIC=true,SEC_CREATOR_ADMIN=false,SEC_INH_ADMIN=false,SEC_INH_EDITOR=false,SEC_INH_VIEWER=false,SEC_ALL_ADMIN=false,SEC_ALL_EDITOR=false,SEC_ALL_VIEWER=false
]
2019-06-22 17:13:03.835 DEBUG application 6085 _a-0000e21d-e06a-8000-7d53-01ef9001ef90_48669 Processing reference: ContentRole[name=readers,inherit=false,allowForAll=false]
2019-06-22 17:13:03.835 DEBUG application 6085 _a-0000e21d-e06a-8000-7d53-01ef9001ef90_48669 Processing reference: ContentRole[name=authors,inherit=false,allowForAll=false]
2019-06-22 17:13:03.835 DEBUG application 6085 _a-0000e21d-e06a-8000-7d53-01ef9001ef90_48669 Processing reference: ContentRole[name=administrators,groupIds=[53],inherit=false,allowForAll=false]
2019-06-22 17:13:03.837 DEBUG group 53 _e-0000e21d-e05a-8000-7d4f-011e94011e94_61 Begin transport.
2019-06-22 17:13:03.837 DEBUG group 53 _e-0000e21d-e05a-8000-7d4f-011e94011e94_61 Retrieving object data.
2019-06-22 17:13:03.843 DEBUG group 53 _e-0000e21d-e05a-8000-7d4f-011e94011e94_61 Setting uuids of object references.
2019-06-22 17:13:03.843 DEBUG group 53 _e-0000e21d-e05a-8000-7d4f-011e94011e94_61 Processing reference: Role[name=<null>]
2019-06-22 17:13:03.843 DEBUG group 53 _e-0000e21d-e05a-8000-7d4f-011e94011e94_61 Processing reference: Group.groupTypeId
2019-06-22 17:13:03.844 DEBUG group 53 _e-0000e21d-e05a-8000-7d4f-011e94011e94_61 Processing reference: Group.parentId
2019-06-22 17:13:03.845 DEBUG group 53 _e-0000e21d-e05a-8000-7d4f-011e94011e94_61 Processing reference: Group.homePageId
2019-06-22 17:13:03.845 DEBUG group 53 _e-0000e21d-e05a-8000-7d4f-011e94011e94_61 Processing reference: Role[name=<null>]
2019-06-22 17:13:03.845 DEBUG group 53 _e-0000e21d-e05a-8000-7d4f-011e94011e94_61 Completing produce.
2019-06-22 17:13:03.845 DEBUG group 53 _e-0000e21d-e05a-8000-7d4f-011e94011e94_61 Exporting binary resources.
2019-06-22 17:13:03.845 DEBUG group 53 _e-0000e21d-e05a-8000-7d4f-011e94011e94_61 Serializing object to XML.
2019-06-22 17:13:03.845 DEBUG group 53 _e-0000e21d-e05a-8000-7d4f-011e94011e94_61 Object transported.
2019-06-22 17:13:03.845 DEBUG application 6085 _a-0000e21d-e06a-8000-7d53-01ef9001ef90_48669 Processing reference: ContentRole[name=denyReaders,inherit=false,allowForAll=false]
2019-06-22 17:13:03.845 DEBUG application 6085 _a-0000e21d-e06a-8000-7d53-01ef9001ef90_48669 Processing reference: ContentRole[name=denyAuthors,inherit=false,allowForAll=false]
2019-06-22 17:13:03.845 DEBUG application 6085 _a-0000e21d-e06a-8000-7d53-01ef9001ef90_48669 Processing reference: ContentRole[name=denyAdministrators,inherit=false,allowForAll=false]
2019-06-22 17:13:03.847 DEBUG group 54 _e-0000e255-ca76-8000-23f0-011e94011e94_56 Begin transport.
2019-06-22 17:13:03.847 DEBUG group 54 _e-0000e255-ca76-8000-23f0-011e94011e94_56 Retrieving object data.
2019-06-22 17:13:03.853 DEBUG group 54 _e-0000e255-ca76-8000-23f0-011e94011e94_56 Setting uuids of object references.
2019-06-22 17:13:03.853 DEBUG group 54 _e-0000e255-ca76-8000-23f0-011e94011e94_56 Processing reference: Role[name=<null>]
2019-06-22 17:13:03.853 DEBUG group 54 _e-0000e255-ca76-8000-23f0-011e94011e94_56 Processing reference: Group.groupTypeId
2019-06-22 17:13:03.854 DEBUG group 54 _e-0000e255-ca76-8000-23f0-011e94011e94_56 Processing reference: Group.parentId
2019-06-22 17:13:03.855 DEBUG group 54 _e-0000e255-ca76-8000-23f0-011e94011e94_56 Processing reference: Group.homePageId
2019-06-22 17:13:03.855 DEBUG group 54 _e-0000e255-ca76-8000-23f0-011e94011e94_56 Processing reference: Role[name=<null>]
2019-06-22 17:13:03.855 DEBUG group 54 _e-0000e255-ca76-8000-23f0-011e94011e94_56 Completing produce.
2019-06-22 17:13:03.855 DEBUG group 54 _e-0000e255-ca76-8000-23f0-011e94011e94_56 Exporting binary resources.
2019-06-22 17:13:03.855 DEBUG group 54 _e-0000e255-ca76-8000-23f0-011e94011e94_56 Serializing object to XML.
2019-06-22 17:13:03.856 DEBUG group 54 _e-0000e255-ca76-8000-23f0-011e94011e94_56 Object transported.
2019-06-22 17:13:03.859 DEBUG content 6077 _a-0000e21d-e06a-8000-7d53-01ef9001ef90_48676 Begin transport.
2019-06-22 17:13:03.859 DEBUG content 6077 _a-0000e21d-e06a-8000-7d53-01ef9001ef90_48676 Retrieving object data.
2019-06-22 17:13:03.868 DEBUG content 6077 _a-0000e21d-e06a-8000-7d53-01ef9001ef90_48676 Setting uuids of object references.
2019-06-22 17:13:03.868 DEBUG content 6077 _a-0000e21d-e06a-8000-7d53-01ef9001ef90_48676 Processing reference: RulesFolder.forum
2019-06-22 17:13:03.868 DEBUG content 6077 _a-0000e21d-e06a-8000-7d53-01ef9001ef90_48676 Processing reference: RulesFolder.parent
2019-06-22 17:13:03.873 DEBUG content 6077 _a-0000e21d-e06a-8000-7d53-01ef9001ef90_48676 Processing reference: com.appiancorp.suiteapi.content.ContentRoleMap@16ebb15c[
  ContentRole[name=readers,inherit=false,allowForAll=false]
  ContentRole[name=authors,inherit=false,allowForAll=false]
  ContentRole[name=administrators,groupIds=[53],inherit=false,allowForAll=false]
  ContentRole[name=denyReaders,inherit=false,allowForAll=false]
  ContentRole[name=denyAuthors,inherit=false,allowForAll=false]
  ContentRole[name=denyAdministrators,inherit=false,allowForAll=false]
  securityVector=1:SEC_PUBLIC=true,SEC_CREATOR_ADMIN=false,SEC_INH_ADMIN=false,SEC_INH_EDITOR=false,SEC_INH_VIEWER=false,SEC_ALL_ADMIN=false,SEC_ALL_EDITOR=false,SEC_ALL_VIEWER=false
]
2019-06-22 17:13:03.873 DEBUG content 6077 _a-0000e21d-e06a-8000-7d53-01ef9001ef90_48676 Processing reference: ContentRole[name=readers,inherit=false,allowForAll=false]
2019-06-22 17:13:03.873 DEBUG content 6077 _a-0000e21d-e06a-8000-7d53-01ef9001ef90_48676 Processing reference: ContentRole[name=authors,inherit=false,allowForAll=false]
2019-06-22 17:13:03.873 DEBUG content 6077 _a-0000e21d-e06a-8000-7d53-01ef9001ef90_48676 Processing reference: ContentRole[name=administrators,groupIds=[53],inherit=false,allowForAll=false]
2019-06-22 17:13:03.875 DEBUG content 6077 _a-0000e21d-e06a-8000-7d53-01ef9001ef90_48676 Processing reference: ContentRole[name=denyReaders,inherit=false,allowForAll=false]
2019-06-22 17:13:03.875 DEBUG content 6077 _a-0000e21d-e06a-8000-7d53-01ef9001ef90_48676 Processing reference: ContentRole[name=denyAuthors,inherit=false,allowForAll=false]
2019-06-22 17:13:03.875 DEBUG content 6077 _a-0000e21d-e06a-8000-7d53-01ef9001ef90_48676 Processing reference: ContentRole[name=denyAdministrators,inherit=false,allowForAll=false]
2019-06-22 17:13:03.875 DEBUG content 6077 _a-0000e21d-e06a-8000-7d53-01ef9001ef90_48676 Completing produce.
2019-06-22 17:13:03.875 DEBUG content 6077 _a-0000e21d-e06a-8000-7d53-01ef9001ef90_48676 Exporting binary resources.
2019-06-22 17:13:03.875 DEBUG content 6077 _a-0000e21d-e06a-8000-7d53-01ef9001ef90_48676 Serializing object to XML.
2019-06-22 17:13:03.876 DEBUG content 6077 _a-0000e21d-e06a-8000-7d53-01ef9001ef90_48676 Object transported.
2019-06-22 17:13:03.876 DEBUG content 6078 _a-0000e21d-e06a-8000-7d53-01ef9001ef90_48681 Begin transport.
2019-06-22 17:13:03.876 DEBUG content 6078 _a-0000e21d-e06a-8000-7d53-01ef9001ef90_48681 Retrieving object data.
2019-06-22 17:13:04.021 DEBUG content 6078 _a-0000e21d-e06a-8000-7d53-01ef9001ef90_48681 Setting uuids of object references.
2019-06-22 17:13:04.021 DEBUG content 6078 _a-0000e21d-e06a-8000-7d53-01ef9001ef90_48681 Processing reference: [Content:id=6078,versionId=-1,name=EAP_getUsername,type=32,subtype=1,uuid=_a-0000e21d-e06a-8000-7d53-01ef9001ef90_48681,parent=6077]
2019-06-22 17:13:04.022 DEBUG content 6078 _a-0000e21d-e06a-8000-7d53-01ef9001ef90_48681 Processing reference: FreeformRule.forum
2019-06-22 17:13:04.022 DEBUG content 6078 _a-0000e21d-e06a-8000-7d53-01ef9001ef90_48681 Processing reference: FreeformRule.parent
2019-06-22 17:13:04.025 DEBUG content 6078 _a-0000e21d-e06a-8000-7d53-01ef9001ef90_48681 Processing reference: com.appiancorp.suiteapi.content.ContentRoleMap@460ec992[
  ContentRole[name=readers,inherit=true,allowForAll=false]
  ContentRole[name=authors,inherit=true,allowForAll=false]
  ContentRole[name=administrators,inherit=true,allowForAll=false]
  ContentRole[name=denyReaders,inherit=false,allowForAll=false]
  ContentRole[name=denyAuthors,inherit=false,allowForAll=false]
  ContentRole[name=denyAdministrators,inherit=false,allowForAll=false]
  securityVector=15:SEC_PUBLIC=true,SEC_CREATOR_ADMIN=false,SEC_INH_ADMIN=true,SEC_INH_EDITOR=true,SEC_INH_VIEWER=true,SEC_ALL_ADMIN=false,SEC_ALL_EDITOR=false,SEC_ALL_VIEWER=false
]
2019-06-22 17:13:04.025 DEBUG content 6078 _a-0000e21d-e06a-8000-7d53-01ef9001ef90_48681 Processing reference: ContentRole[name=readers,inherit=true,allowForAll=false]
2019-06-22 17:13:04.025 DEBUG content 6078 _a-0000e21d-e06a-8000-7d53-01ef9001ef90_48681 Processing reference: ContentRole[name=authors,inherit=true,allowForAll=false]
2019-06-22 17:13:04.025 DEBUG content 6078 _a-0000e21d-e06a-8000-7d53-01ef9001ef90_48681 Processing reference: ContentRole[name=administrators,inherit=true,allowForAll=false]
2019-06-22 17:13:04.025 DEBUG content 6078 _a-0000e21d-e06a-8000-7d53-01ef9001ef90_48681 Processing reference: ContentRole[name=denyReaders,inherit=false,allowForAll=false]
2019-06-22 17:13:04.025 DEBUG content 6078 _a-0000e21d-e06a-8000-7d53-01ef9001ef90_48681 Processing reference: ContentRole[name=denyAuthors,inherit=false,allowForAll=false]
2019-06-22 17:13:04.025 DEBUG content 6078 _a-0000e21d-e06a-8000-7d53-01ef9001ef90_48681 Processing reference: ContentRole[name=denyAdministrators,inherit=false,allowForAll=false]
2019-06-22 17:13:04.026 DEBUG content 6078 _a-0000e21d-e06a-8000-7d53-01ef9001ef90_48681 Completing produce.
2019-06-22 17:13:04.026 DEBUG content 6078 _a-0000e21d-e06a-8000-7d53-01ef9001ef90_48681 Exporting binary resources.
2019-06-22 17:13:04.026 DEBUG content 6078 _a-0000e21d-e06a-8000-7d53-01ef9001ef90_48681 Serializing object to XML.
2019-06-22 17:13:04.031 DEBUG content 6078 _a-0000e21d-e06a-8000-7d53-01ef9001ef90_48681 Object transported.
2019-06-22 17:13:04.031 DEBUG content 6079 _a-0000e255-ca76-8000-23f0-01ef9001ef90_31523 Begin transport.
2019-06-22 17:13:04.031 DEBUG content 6079 _a-0000e255-ca76-8000-23f0-01ef9001ef90_31523 Retrieving object data.
2019-06-22 17:13:04.042 DEBUG content 6079 _a-0000e255-ca76-8000-23f0-01ef9001ef90_31523 Setting uuids of object references.
2019-06-22 17:13:04.042 DEBUG content 6079 _a-0000e255-ca76-8000-23f0-01ef9001ef90_31523 Processing reference: [Content:id=6079,versionId=-1,name=trialInterface,type=32,subtype=6,uuid=_a-0000e255-ca76-8000-23f0-01ef9001ef90_31523,parent=6077]
2019-06-22 17:13:04.046 DEBUG content 6079 _a-0000e255-ca76-8000-23f0-01ef9001ef90_31523 Processing reference: Interface.forum
2019-06-22 17:13:04.046 DEBUG content 6079 _a-0000e255-ca76-8000-23f0-01ef9001ef90_31523 Processing reference: Interface.parent
2019-06-22 17:13:04.049 DEBUG content 6079 _a-0000e255-ca76-8000-23f0-01ef9001ef90_31523 Processing reference: com.appiancorp.suiteapi.content.ContentRoleMap@5dbdb8a3[
  ContentRole[name=readers,inherit=true,allowForAll=false]
  ContentRole[name=authors,inherit=true,allowForAll=false]
  ContentRole[name=administrators,inherit=true,allowForAll=false]
  ContentRole[name=denyReaders,inherit=false,allowForAll=false]
  ContentRole[name=denyAuthors,inherit=false,allowForAll=false]
  ContentRole[name=denyAdministrators,inherit=false,allowForAll=false]
  securityVector=15:SEC_PUBLIC=true,SEC_CREATOR_ADMIN=false,SEC_INH_ADMIN=true,SEC_INH_EDITOR=true,SEC_INH_VIEWER=true,SEC_ALL_ADMIN=false,SEC_ALL_EDITOR=false,SEC_ALL_VIEWER=false
]
2019-06-22 17:13:04.049 DEBUG content 6079 _a-0000e255-ca76-8000-23f0-01ef9001ef90_31523 Processing reference: ContentRole[name=readers,inherit=true,allowForAll=false]
2019-06-22 17:13:04.049 DEBUG content 6079 _a-0000e255-ca76-8000-23f0-01ef9001ef90_31523 Processing reference: ContentRole[name=authors,inherit=true,allowForAll=false]
2019-06-22 17:13:04.049 DEBUG content 6079 _a-0000e255-ca76-8000-23f0-01ef9001ef90_31523 Processing reference: ContentRole[name=administrators,inherit=true,allowForAll=false]
2019-06-22 17:13:04.049 DEBUG content 6079 _a-0000e255-ca76-8000-23f0-01ef9001ef90_31523 Processing reference: ContentRole[name=denyReaders,inherit=false,allowForAll=false]
2019-06-22 17:13:04.05 DEBUG content 6079 _a-0000e255-ca76-8000-23f0-01ef9001ef90_31523 Processing reference: ContentRole[name=denyAuthors,inherit=false,allowForAll=false]
2019-06-22 17:13:04.05 DEBUG content 6079 _a-0000e255-ca76-8000-23f0-01ef9001ef90_31523 Processing reference: ContentRole[name=denyAdministrators,inherit=false,allowForAll=false]
2019-06-22 17:13:04.05 DEBUG content 6079 _a-0000e255-ca76-8000-23f0-01ef9001ef90_31523 Completing produce.
2019-06-22 17:13:04.05 DEBUG content 6079 _a-0000e255-ca76-8000-23f0-01ef9001ef90_31523 Exporting binary resources.
2019-06-22 17:13:04.05 DEBUG content 6079 _a-0000e255-ca76-8000-23f0-01ef9001ef90_31523 Serializing object to XML.
2019-06-22 17:13:04.051 DEBUG content 6079 _a-0000e255-ca76-8000-23f0-01ef9001ef90_31523 Object transported.
2019-06-22 17:13:04.051 DEBUG content 6080 _a-0000e255-ca76-8000-23f0-01ef9001ef90_31545 Begin transport.
2019-06-22 17:13:04.051 DEBUG content 6080 _a-0000e255-ca76-8000-23f0-01ef9001ef90_31545 Retrieving object data.
2019-06-22 17:13:04.061 DEBUG content 6080 _a-0000e255-ca76-8000-23f0-01ef9001ef90_31545 Setting uuids of object references.
2019-06-22 17:13:04.061 DEBUG content 6080 _a-0000e255-ca76-8000-23f0-01ef9001ef90_31545 Processing reference: [Content:id=6080,versionId=-1,name=Interface2,type=32,subtype=6,uuid=_a-0000e255-ca76-8000-23f0-01ef9001ef90_31545,parent=6077]
2019-06-22 17:13:04.062 DEBUG content 6080 _a-0000e255-ca76-8000-23f0-01ef9001ef90_31545 Processing reference: Interface.forum
2019-06-22 17:13:04.063 DEBUG content 6080 _a-0000e255-ca76-8000-23f0-01ef9001ef90_31545 Processing reference: TypedVariable[name=cancel,it=26,v=<null>]
2019-06-22 17:13:04.063 DEBUG content 6080 _a-0000e255-ca76-8000-23f0-01ef9001ef90_31545 Processing reference: Interface.parent
2019-06-22 17:13:04.065 DEBUG content 6080 _a-0000e255-ca76-8000-23f0-01ef9001ef90_31545 Processing reference: com.appiancorp.suiteapi.content.ContentRoleMap@7be7b80f[
  ContentRole[name=readers,inherit=true,allowForAll=false]
  ContentRole[name=authors,inherit=true,allowForAll=false]
  ContentRole[name=administrators,inherit=true,allowForAll=false]
  ContentRole[name=denyReaders,inherit=false,allowForAll=false]
  ContentRole[name=denyAuthors,inherit=false,allowForAll=false]
  ContentRole[name=denyAdministrators,inherit=false,allowForAll=false]
  securityVector=15:SEC_PUBLIC=true,SEC_CREATOR_ADMIN=false,SEC_INH_ADMIN=true,SEC_INH_EDITOR=true,SEC_INH_VIEWER=true,SEC_ALL_ADMIN=false,SEC_ALL_EDITOR=false,SEC_ALL_VIEWER=false
]
2019-06-22 17:13:04.065 DEBUG content 6080 _a-0000e255-ca76-8000-23f0-01ef9001ef90_31545 Processing reference: ContentRole[name=readers,inherit=true,allowForAll=false]
2019-06-22 17:13:04.066 DEBUG content 6080 _a-0000e255-ca76-8000-23f0-01ef9001ef90_31545 Processing reference: ContentRole[name=authors,inherit=true,allowForAll=false]
2019-06-22 17:13:04.066 DEBUG content 6080 _a-0000e255-ca76-8000-23f0-01ef9001ef90_31545 Processing reference: ContentRole[name=administrators,inherit=true,allowForAll=false]
2019-06-22 17:13:04.066 DEBUG content 6080 _a-0000e255-ca76-8000-23f0-01ef9001ef90_31545 Processing reference: ContentRole[name=denyReaders,inherit=false,allowForAll=false]
2019-06-22 17:13:04.066 DEBUG content 6080 _a-0000e255-ca76-8000-23f0-01ef9001ef90_31545 Processing reference: ContentRole[name=denyAuthors,inherit=false,allowForAll=false]
2019-06-22 17:13:04.066 DEBUG content 6080 _a-0000e255-ca76-8000-23f0-01ef9001ef90_31545 Processing reference: ContentRole[name=denyAdministrators,inherit=false,allowForAll=false]
2019-06-22 17:13:04.066 DEBUG content 6080 _a-0000e255-ca76-8000-23f0-01ef9001ef90_31545 Completing produce.
2019-06-22 17:13:04.066 DEBUG content 6080 _a-0000e255-ca76-8000-23f0-01ef9001ef90_31545 Exporting binary resources.
2019-06-22 17:13:04.066 DEBUG content 6080 _a-0000e255-ca76-8000-23f0-01ef9001ef90_31545 Serializing object to XML.
2019-06-22 17:13:04.07 DEBUG content 6080 _a-0000e255-ca76-8000-23f0-01ef9001ef90_31545 Object transported.
2019-06-22 17:13:04.07 DEBUG content 6081 _a-0000e255-ca76-8000-23f0-01ef9001ef90_33392 Begin transport.
2019-06-22 17:13:04.07 DEBUG content 6081 _a-0000e255-ca76-8000-23f0-01ef9001ef90_33392 Retrieving object data.
2019-06-22 17:13:04.079 DEBUG content 6081 _a-0000e255-ca76-8000-23f0-01ef9001ef90_33392 Setting uuids of object references.
2019-06-22 17:13:04.079 DEBUG content 6081 _a-0000e255-ca76-8000-23f0-01ef9001ef90_33392 Processing reference: [Content:id=6081,versionId=-1,name=EAP_getAddressDetails,type=32,subtype=0,uuid=_a-0000e255-ca76-8000-23f0-01ef9001ef90_33392,parent=6077]
2019-06-22 17:13:04.079 DEBUG content 6081 _a-0000e255-ca76-8000-23f0-01ef9001ef90_33392 Processing reference: Constant.forum
2019-06-22 17:13:04.08 DEBUG content 6081 _a-0000e255-ca76-8000-23f0-01ef9001ef90_33392 Processing reference: Constant.parent
2019-06-22 17:13:04.083 DEBUG content 6081 _a-0000e255-ca76-8000-23f0-01ef9001ef90_33392 Processing reference: com.appiancorp.suiteapi.content.ContentRoleMap@684344e[
  ContentRole[name=readers,inherit=true,allowForAll=false]
  ContentRole[name=authors,inherit=true,allowForAll=false]
  ContentRole[name=administrators,inherit=true,allowForAll=false]
  ContentRole[name=denyReaders,inherit=false,allowForAll=false]
  ContentRole[name=denyAuthors,inherit=false,allowForAll=false]
  ContentRole[name=denyAdministrators,inherit=false,allowForAll=false]
  securityVector=15:SEC_PUBLIC=true,SEC_CREATOR_ADMIN=false,SEC_INH_ADMIN=true,SEC_INH_EDITOR=true,SEC_INH_VIEWER=true,SEC_ALL_ADMIN=false,SEC_ALL_EDITOR=false,SEC_ALL_VIEWER=false
]
2019-06-22 17:13:04.083 DEBUG content 6081 _a-0000e255-ca76-8000-23f0-01ef9001ef90_33392 Processing reference: ContentRole[name=readers,inherit=true,allowForAll=false]
2019-06-22 17:13:04.083 DEBUG content 6081 _a-0000e255-ca76-8000-23f0-01ef9001ef90_33392 Processing reference: ContentRole[name=authors,inherit=true,allowForAll=false]
2019-06-22 17:13:04.083 DEBUG content 6081 _a-0000e255-ca76-8000-23f0-01ef9001ef90_33392 Processing reference: ContentRole[name=administrators,inherit=true,allowForAll=false]
2019-06-22 17:13:04.083 DEBUG content 6081 _a-0000e255-ca76-8000-23f0-01ef9001ef90_33392 Processing reference: ContentRole[name=denyReaders,inherit=false,allowForAll=false]
2019-06-22 17:13:04.083 DEBUG content 6081 _a-0000e255-ca76-8000-23f0-01ef9001ef90_33392 Processing reference: ContentRole[name=denyAuthors,inherit=false,allowForAll=false]
2019-06-22 17:13:04.083 DEBUG content 6081 _a-0000e255-ca76-8000-23f0-01ef9001ef90_33392 Processing reference: ContentRole[name=denyAdministrators,inherit=false,allowForAll=false]
2019-06-22 17:13:04.083 DEBUG content 6081 _a-0000e255-ca76-8000-23f0-01ef9001ef90_33392 Completing produce.
2019-06-22 17:13:04.083 DEBUG content 6081 _a-0000e255-ca76-8000-23f0-01ef9001ef90_33392 Exporting binary resources.
2019-06-22 17:13:04.083 DEBUG content 6081 _a-0000e255-ca76-8000-23f0-01ef9001ef90_33392 Serializing object to XML.
2019-06-22 17:13:04.087 DEBUG content 6081 _a-0000e255-ca76-8000-23f0-01ef9001ef90_33392 Object transported.
2019-06-22 17:13:04.087 DEBUG content 6084 _a-0000e268-07ce-8000-23f0-01ef9001ef90_31015 Begin transport.
2019-06-22 17:13:04.087 DEBUG content 6084 _a-0000e268-07ce-8000-23f0-01ef9001ef90_31015 Retrieving object data.
2019-06-22 17:13:04.097 DEBUG content 6084 _a-0000e268-07ce-8000-23f0-01ef9001ef90_31015 Setting uuids of object references.
2019-06-22 17:13:04.097 DEBUG content 6084 _a-0000e268-07ce-8000-23f0-01ef9001ef90_31015 Processing reference: [Content:id=6084,versionId=-1,name=EAP_uiSectionCustomerInfo,type=32,subtype=6,uuid=_a-0000e268-07ce-8000-23f0-01ef9001ef90_31015,parent=6077]
2019-06-22 17:13:04.098 DEBUG content 6084 _a-0000e268-07ce-8000-23f0-01ef9001ef90_31015 Processing reference: Interface.forum
2019-06-22 17:13:04.099 DEBUG content 6084 _a-0000e268-07ce-8000-23f0-01ef9001ef90_31015 Processing reference: Interface.parent
2019-06-22 17:13:04.102 DEBUG content 6084 _a-0000e268-07ce-8000-23f0-01ef9001ef90_31015 Processing reference: com.appiancorp.suiteapi.content.ContentRoleMap@6aa56b8[
  ContentRole[name=readers,inherit=true,allowForAll=false]
  ContentRole[name=authors,inherit=true,allowForAll=false]
  ContentRole[name=administrators,inherit=true,allowForAll=false]
  ContentRole[name=denyReaders,inherit=false,allowForAll=false]
  ContentRole[name=denyAuthors,inherit=false,allowForAll=false]
  ContentRole[name=denyAdministrators,inherit=false,allowForAll=false]
  securityVector=15:SEC_PUBLIC=true,SEC_CREATOR_ADMIN=false,SEC_INH_ADMIN=true,SEC_INH_EDITOR=true,SEC_INH_VIEWER=true,SEC_ALL_ADMIN=false,SEC_ALL_EDITOR=false,SEC_ALL_VIEWER=false
]
2019-06-22 17:13:04.102 DEBUG content 6084 _a-0000e268-07ce-8000-23f0-01ef9001ef90_31015 Processing reference: ContentRole[name=readers,inherit=true,allowForAll=false]
2019-06-22 17:13:04.102 DEBUG content 6084 _a-0000e268-07ce-8000-23f0-01ef9001ef90_31015 Processing reference: ContentRole[name=authors,inherit=true,allowForAll=false]
2019-06-22 17:13:04.102 DEBUG content 6084 _a-0000e268-07ce-8000-23f0-01ef9001ef90_31015 Processing reference: ContentRole[name=administrators,inherit=true,allowForAll=false]
2019-06-22 17:13:04.102 DEBUG content 6084 _a-0000e268-07ce-8000-23f0-01ef9001ef90_31015 Processing reference: ContentRole[name=denyReaders,inherit=false,allowForAll=false]
2019-06-22 17:13:04.102 DEBUG content 6084 _a-0000e268-07ce-8000-23f0-01ef9001ef90_31015 Processing reference: ContentRole[name=denyAuthors,inherit=false,allowForAll=false]
2019-06-22 17:13:04.102 DEBUG content 6084 _a-0000e268-07ce-8000-23f0-01ef9001ef90_31015 Processing reference: ContentRole[name=denyAdministrators,inherit=false,allowForAll=false]
2019-06-22 17:13:04.102 DEBUG content 6084 _a-0000e268-07ce-8000-23f0-01ef9001ef90_31015 Completing produce.
2019-06-22 17:13:04.102 DEBUG content 6084 _a-0000e268-07ce-8000-23f0-01ef9001ef90_31015 Exporting binary resources.
2019-06-22 17:13:04.102 DEBUG content 6084 _a-0000e268-07ce-8000-23f0-01ef9001ef90_31015 Serializing object to XML.
2019-06-22 17:13:04.103 DEBUG content 6084 _a-0000e268-07ce-8000-23f0-01ef9001ef90_31015 Object transported.
2019-06-22 17:13:04.103 DEBUG content 6082 _a-0000e255-ca76-8000-23f0-01ef9001ef90_40957 Begin transport.
2019-06-22 17:13:04.103 DEBUG content 6082 _a-0000e255-ca76-8000-23f0-01ef9001ef90_40957 Retrieving object data.
2019-06-22 17:13:04.112 DEBUG content 6082 _a-0000e255-ca76-8000-23f0-01ef9001ef90_40957 Setting uuids of object references.
2019-06-22 17:13:04.112 DEBUG content 6082 _a-0000e255-ca76-8000-23f0-01ef9001ef90_40957 Processing reference: [Content:id=6082,versionId=-1,name=EAP_ETst1,type=32,subtype=0,uuid=_a-0000e255-ca76-8000-23f0-01ef9001ef90_40957,parent=6077]
2019-06-22 17:13:04.112 DEBUG content 6082 _a-0000e255-ca76-8000-23f0-01ef9001ef90_40957 Processing reference: Constant.forum
2019-06-22 17:13:04.113 DEBUG content 6082 _a-0000e255-ca76-8000-23f0-01ef9001ef90_40957 Processing reference: Constant.parent
2019-06-22 17:13:04.115 DEBUG content 6082 _a-0000e255-ca76-8000-23f0-01ef9001ef90_40957 Processing reference: com.appiancorp.suiteapi.content.ContentRoleMap@2eb80b3c[
  ContentRole[name=readers,inherit=true,allowForAll=false]
  ContentRole[name=authors,inherit=true,allowForAll=false]
  ContentRole[name=administrators,inherit=true,allowForAll=false]
  ContentRole[name=denyReaders,inherit=false,allowForAll=false]
  ContentRole[name=denyAuthors,inherit=false,allowForAll=false]
  ContentRole[name=denyAdministrators,inherit=false,allowForAll=false]
  securityVector=15:SEC_PUBLIC=true,SEC_CREATOR_ADMIN=false,SEC_INH_ADMIN=true,SEC_INH_EDITOR=true,SEC_INH_VIEWER=true,SEC_ALL_ADMIN=false,SEC_ALL_EDITOR=false,SEC_ALL_VIEWER=false
]
2019-06-22 17:13:04.116 DEBUG content 6082 _a-0000e255-ca76-8000-23f0-01ef9001ef90_40957 Processing reference: ContentRole[name=readers,inherit=true,allowForAll=false]
2019-06-22 17:13:04.116 DEBUG content 6082 _a-0000e255-ca76-8000-23f0-01ef9001ef90_40957 Processing reference: ContentRole[name=authors,inherit=true,allowForAll=false]
2019-06-22 17:13:04.116 DEBUG content 6082 _a-0000e255-ca76-8000-23f0-01ef9001ef90_40957 Processing reference: ContentRole[name=administrators,inherit=true,allowForAll=false]
2019-06-22 17:13:04.116 DEBUG content 6082 _a-0000e255-ca76-8000-23f0-01ef9001ef90_40957 Processing reference: ContentRole[name=denyReaders,inherit=false,allowForAll=false]
2019-06-22 17:13:04.116 DEBUG content 6082 _a-0000e255-ca76-8000-23f0-01ef9001ef90_40957 Processing reference: ContentRole[name=denyAuthors,inherit=false,allowForAll=false]
2019-06-22 17:13:04.116 DEBUG content 6082 _a-0000e255-ca76-8000-23f0-01ef9001ef90_40957 Processing reference: ContentRole[name=denyAdministrators,inherit=false,allowForAll=false]
2019-06-22 17:13:04.116 DEBUG content 6082 _a-0000e255-ca76-8000-23f0-01ef9001ef90_40957 Registering export properties.
2019-06-22 17:13:04.116 DEBUG content 6082 _a-0000e255-ca76-8000-23f0-01ef9001ef90_40957 Completing produce.
2019-06-22 17:13:04.116 DEBUG content 6082 _a-0000e255-ca76-8000-23f0-01ef9001ef90_40957 Exporting binary resources.
2019-06-22 17:13:04.116 DEBUG content 6082 _a-0000e255-ca76-8000-23f0-01ef9001ef90_40957 Serializing object to XML.
2019-06-22 17:13:04.12 DEBUG content 6082 _a-0000e255-ca76-8000-23f0-01ef9001ef90_40957 Object transported.
2019-06-22 17:13:04.12 DEBUG content 6103 _a-0000e255-ca76-8000-23f0-01ef9001ef90_40963 Begin transport.
2019-06-22 17:13:04.121 DEBUG content 6103 _a-0000e255-ca76-8000-23f0-01ef9001ef90_40963 Retrieving object data.
2019-06-22 17:13:04.129 DEBUG content 6103 _a-0000e255-ca76-8000-23f0-01ef9001ef90_40963 Setting uuids of object references.
2019-06-22 17:13:04.13 DEBUG content 6103 _a-0000e255-ca76-8000-23f0-01ef9001ef90_40963 Processing reference: [Content:id=6083,versionId=-1,name=EAP_TEst2,type=32,subtype=0,uuid=_a-0000e255-ca76-8000-23f0-01ef9001ef90_40963,parent=6077]
2019-06-22 17:13:04.13 DEBUG content 6103 _a-0000e255-ca76-8000-23f0-01ef9001ef90_40963 Processing reference: Constant.forum
2019-06-22 17:13:04.13 DEBUG content 6103 _a-0000e255-ca76-8000-23f0-01ef9001ef90_40963 Processing reference: Constant.parent
2019-06-22 17:13:04.133 DEBUG content 6103 _a-0000e255-ca76-8000-23f0-01ef9001ef90_40963 Processing reference: com.appiancorp.suiteapi.content.ContentRoleMap@2f05a0c2[
  ContentRole[name=readers,inherit=true,allowForAll=false]
  ContentRole[name=authors,inherit=true,allowForAll=false]
  ContentRole[name=administrators,inherit=true,allowForAll=false]
  ContentRole[name=denyReaders,inherit=false,allowForAll=false]
  ContentRole[name=denyAuthors,inherit=false,allowForAll=false]
  ContentRole[name=denyAdministrators,inherit=false,allowForAll=false]
  securityVector=15:SEC_PUBLIC=true,SEC_CREATOR_ADMIN=false,SEC_INH_ADMIN=true,SEC_INH_EDITOR=true,SEC_INH_VIEWER=true,SEC_ALL_ADMIN=false,SEC_ALL_EDITOR=false,SEC_ALL_VIEWER=false
]
2019-06-22 17:13:04.133 DEBUG content 6103 _a-0000e255-ca76-8000-23f0-01ef9001ef90_40963 Processing reference: ContentRole[name=readers,inherit=true,allowForAll=false]
2019-06-22 17:13:04.133 DEBUG content 6103 _a-0000e255-ca76-8000-23f0-01ef9001ef90_40963 Processing reference: ContentRole[name=authors,inherit=true,allowForAll=false]
2019-06-22 17:13:04.133 DEBUG content 6103 _a-0000e255-ca76-8000-23f0-01ef9001ef90_40963 Processing reference: ContentRole[name=administrators,inherit=true,allowForAll=false]
2019-06-22 17:13:04.133 DEBUG content 6103 _a-0000e255-ca76-8000-23f0-01ef9001ef90_40963 Processing reference: ContentRole[name=denyReaders,inherit=false,allowForAll=false]
2019-06-22 17:13:04.133 DEBUG content 6103 _a-0000e255-ca76-8000-23f0-01ef9001ef90_40963 Processing reference: ContentRole[name=denyAuthors,inherit=false,allowForAll=false]
2019-06-22 17:13:04.133 DEBUG content 6103 _a-0000e255-ca76-8000-23f0-01ef9001ef90_40963 Processing reference: ContentRole[name=denyAdministrators,inherit=false,allowForAll=false]
2019-06-22 17:13:04.134 DEBUG content 6103 _a-0000e255-ca76-8000-23f0-01ef9001ef90_40963 Completing produce.
2019-06-22 17:13:04.134 DEBUG content 6103 _a-0000e255-ca76-8000-23f0-01ef9001ef90_40963 Exporting binary resources.
2019-06-22 17:13:04.134 DEBUG content 6103 _a-0000e255-ca76-8000-23f0-01ef9001ef90_40963 Serializing object to XML.
2019-06-22 17:13:04.137 DEBUG content 6103 _a-0000e255-ca76-8000-23f0-01ef9001ef90_40963 Object transported.
2019-06-22 17:13:04.139 DEBUG processModelFolder 10 _g-0000e255-ca76-8000-23f0-014d98014d98_22 Begin transport.
2019-06-22 17:13:04.139 DEBUG processModelFolder 10 _g-0000e255-ca76-8000-23f0-014d98014d98_22 Retrieving object data.
2019-06-22 17:13:04.142 DEBUG processModelFolder 10 _g-0000e255-ca76-8000-23f0-014d98014d98_22 Setting uuids of object references.
2019-06-22 17:13:04.142 DEBUG processModelFolder 10 _g-0000e255-ca76-8000-23f0-014d98014d98_22 Processing reference: ProcessModelFolder.parentFolderId
2019-06-22 17:13:04.142 DEBUG processModelFolder 10 _g-0000e255-ca76-8000-23f0-014d98014d98_22 Processing reference: com.appiancorp.suiteapi.process.ProcessRoleMap@71eb373f[
  Role[name=ADMIN_OWNER]
  Role[name=EDITOR]
  Role[name=EXPLICIT_NONMEMBER]
  Role[name=VIEWER]
  Role[name=MANAGER]
  Role[name=INITIATOR]
]
2019-06-22 17:13:04.142 DEBUG processModelFolder 10 _g-0000e255-ca76-8000-23f0-014d98014d98_22 Processing reference: Role[name=ADMIN_OWNER]
2019-06-22 17:13:04.142 DEBUG processModelFolder 10 _g-0000e255-ca76-8000-23f0-014d98014d98_22 Processing reference: Role[name=EDITOR]
2019-06-22 17:13:04.143 DEBUG processModelFolder 10 _g-0000e255-ca76-8000-23f0-014d98014d98_22 Processing reference: Role[name=EXPLICIT_NONMEMBER]
2019-06-22 17:13:04.143 DEBUG processModelFolder 10 _g-0000e255-ca76-8000-23f0-014d98014d98_22 Processing reference: Role[name=VIEWER]
2019-06-22 17:13:04.143 DEBUG processModelFolder 10 _g-0000e255-ca76-8000-23f0-014d98014d98_22 Processing reference: Role[name=MANAGER]
2019-06-22 17:13:04.143 DEBUG processModelFolder 10 _g-0000e255-ca76-8000-23f0-014d98014d98_22 Processing reference: Role[name=INITIATOR]
2019-06-22 17:13:04.143 DEBUG processModelFolder 10 _g-0000e255-ca76-8000-23f0-014d98014d98_22 Completing produce.
2019-06-22 17:13:04.143 DEBUG processModelFolder 10 _g-0000e255-ca76-8000-23f0-014d98014d98_22 Exporting binary resources.
2019-06-22 17:13:04.143 DEBUG processModelFolder 10 _g-0000e255-ca76-8000-23f0-014d98014d98_22 Serializing object to XML.
2019-06-22 17:13:04.143 DEBUG processModelFolder 10 _g-0000e255-ca76-8000-23f0-014d98014d98_22 Object transported.
2019-06-22 17:13:04.145 DEBUG processModel 144 0002e287-8d74-8000-23f0-014d98014d98 Begin transport.
2019-06-22 17:13:04.145 DEBUG processModel 144 0002e287-8d74-8000-23f0-014d98014d98 Retrieving object data.
2019-06-22 17:13:04.176 DEBUG processModel 144 0002e287-8d74-8000-23f0-014d98014d98 Setting uuids of object references.
2019-06-22 17:13:04.176 DEBUG processModel 144 0002e287-8d74-8000-23f0-014d98014d98 Processing reference: ProcessModelHaul.folderId
2019-06-22 17:13:04.178 DEBUG processModel 144 0002e287-8d74-8000-23f0-014d98014d98 Processing reference: ProcessModelHaul.modelDashboardPageId
2019-06-22 17:13:04.178 DEBUG processModel 144 0002e287-8d74-8000-23f0-014d98014d98 Processing reference: ProcessModelHaul.processDashboardPageId
2019-06-22 17:13:04.178 DEBUG processModel 144 0002e287-8d74-8000-23f0-014d98014d98 Processing reference: ProcessModel.emailAttachmentFolderId
2019-06-22 17:13:04.179 DEBUG processModel 144 0002e287-8d74-8000-23f0-014d98014d98 Processing reference: ActivityClassParameter[name=pmID,it=23,v=<null>]
2019-06-22 17:13:04.179 DEBUG processModel 144 0002e287-8d74-8000-23f0-014d98014d98 Processing reference: ActivityClassParameter[name=inMap,it=111,v={}]
2019-06-22 17:13:04.179 DEBUG processModel 144 0002e287-8d74-8000-23f0-014d98014d98 Processing reference: ActivityClassParameter[name=procInheritsPriority,it=1,v=1]
2019-06-22 17:13:04.179 DEBUG processModel 144 0002e287-8d74-8000-23f0-014d98014d98 Processing reference: ActivityClassParameter[name=pmUUID,it=3,v=]
2019-06-22 17:13:04.179 DEBUG processModel 144 0002e287-8d74-8000-23f0-014d98014d98 Processing reference: ActivityClassParameter[name=isAsynchronous,it=26,v=1]
2019-06-22 17:13:04.18 DEBUG processModel 144 0002e287-8d74-8000-23f0-014d98014d98 Processing reference: ActivityClassParameter[name=isTransparent,it=26,v=1]
2019-06-22 17:13:04.18 DEBUG processModel 144 0002e287-8d74-8000-23f0-014d98014d98 Processing reference: ActivityClassParameter[name=inheritSecurity,it=26,v=0]
2019-06-22 17:13:04.18 DEBUG processModel 144 0002e287-8d74-8000-23f0-014d98014d98 Processing reference: com.appiancorp.suiteapi.process.ProcessRoleMap@767ad36f[
  Role[name=ADMIN_OWNER]
  Role[name=EDITOR]
  Role[name=EXPLICIT_NONMEMBER]
  Role[name=VIEWER]
  Role[name=MANAGER]
  Role[name=INITIATOR]
]
2019-06-22 17:13:04.18 DEBUG processModel 144 0002e287-8d74-8000-23f0-014d98014d98 Processing reference: Role[name=ADMIN_OWNER]
2019-06-22 17:13:04.18 DEBUG processModel 144 0002e287-8d74-8000-23f0-014d98014d98 Processing reference: Role[name=EDITOR]
2019-06-22 17:13:04.18 DEBUG processModel 144 0002e287-8d74-8000-23f0-014d98014d98 Processing reference: Role[name=EXPLICIT_NONMEMBER]
2019-06-22 17:13:04.18 DEBUG processModel 144 0002e287-8d74-8000-23f0-014d98014d98 Processing reference: Role[name=VIEWER]
2019-06-22 17:13:04.18 DEBUG processModel 144 0002e287-8d74-8000-23f0-014d98014d98 Processing reference: Role[name=MANAGER]
2019-06-22 17:13:04.18 DEBUG processModel 144 0002e287-8d74-8000-23f0-014d98014d98 Processing reference: Role[name=INITIATOR]
2019-06-22 17:13:04.183 DEBUG processModel 144 0002e287-8d74-8000-23f0-014d98014d98 Completing produce.
2019-06-22 17:13:04.183 DEBUG processModel 144 0002e287-8d74-8000-23f0-014d98014d98 Exporting binary resources.
2019-06-22 17:13:04.183 DEBUG processModel 144 0002e287-8d74-8000-23f0-014d98014d98 Serializing object to XML.
2019-06-22 17:13:04.19 DEBUG processModel 144 0002e287-8d74-8000-23f0-014d98014d98 Object transported.
2019-06-22 17:13:04.192 DEBUG site 13 76485dcd-ab19-4e15-a3e5-a04001b12bd1 Begin transport.
2019-06-22 17:13:04.192 DEBUG site 13 76485dcd-ab19-4e15-a3e5-a04001b12bd1 Retrieving object data.
2019-06-22 17:13:04.314 DEBUG site 13 76485dcd-ab19-4e15-a3e5-a04001b12bd1 Setting uuids of object references.
2019-06-22 17:13:04.316 DEBUG site 13 76485dcd-ab19-4e15-a3e5-a04001b12bd1 Processing reference: SiteTemplate.accentColorExpr
2019-06-22 17:13:04.317 DEBUG site 13 76485dcd-ab19-4e15-a3e5-a04001b12bd1 Processing reference: SiteTemplate.faviconExpr
2019-06-22 17:13:04.317 DEBUG site 13 76485dcd-ab19-4e15-a3e5-a04001b12bd1 Processing reference: SiteTemplate.faviconRef
2019-06-22 17:13:04.317 DEBUG site 13 76485dcd-ab19-4e15-a3e5-a04001b12bd1 Processing reference: SiteTemplate.headerBackgroundColorExpr
2019-06-22 17:13:04.318 DEBUG site 13 76485dcd-ab19-4e15-a3e5-a04001b12bd1 Processing reference: SiteTemplate.logoExpr
2019-06-22 17:13:04.318 DEBUG site 13 76485dcd-ab19-4e15-a3e5-a04001b12bd1 Processing reference: SiteTemplate.logoRef
2019-06-22 17:13:04.32 DEBUG site 13 76485dcd-ab19-4e15-a3e5-a04001b12bd1 Processing reference: SitePage.uiObject
2019-06-22 17:13:04.323 DEBUG site 13 76485dcd-ab19-4e15-a3e5-a04001b12bd1 Processing reference: SitePage.visibilityExpr
2019-06-22 17:13:04.325 DEBUG site 13 76485dcd-ab19-4e15-a3e5-a04001b12bd1 Processing reference: SiteTemplate.selectedTabBackgroundColorExpr
2019-06-22 17:13:04.326 DEBUG site 13 76485dcd-ab19-4e15-a3e5-a04001b12bd1 Processing reference: SiteTemplate.tempoLinkViewerRefsFromUuids
2019-06-22 17:13:04.327 DEBUG site 13 76485dcd-ab19-4e15-a3e5-a04001b12bd1 Completing produce.
2019-06-22 17:13:04.327 DEBUG site 13 76485dcd-ab19-4e15-a3e5-a04001b12bd1 Exporting binary resources.
2019-06-22 17:13:04.327 DEBUG site 13 76485dcd-ab19-4e15-a3e5-a04001b12bd1 Serializing object to XML.
2019-06-22 17:13:04.333 DEBUG site 13 76485dcd-ab19-4e15-a3e5-a04001b12bd1 Object transported.
2019-06-22 17:13:04.333 DEBUG application 6085 _a-0000e21d-e06a-8000-7d53-01ef9001ef90_48669 Completing produce.
2019-06-22 17:13:04.333 DEBUG application 6085 _a-0000e21d-e06a-8000-7d53-01ef9001ef90_48669 Exporting binary resources.
2019-06-22 17:13:04.333 DEBUG application 6085 _a-0000e21d-e06a-8000-7d53-01ef9001ef90_48669 Serializing object to XML.
2019-06-22 17:13:04.336 DEBUG application 6085 _a-0000e21d-e06a-8000-7d53-01ef9001ef90_48669 Object transported.
